<?xml version="1.0" encoding="UTF-8"?>
<testng-results ignored="0" total="8" passed="8" failed="0" skipped="0">
  <reporter-output>
  </reporter-output>
  <suite started-at="2024-04-30T14:24:22 IST" name="All Test Suite" finished-at="2024-04-30T14:31:53 IST" duration-ms="450317">
    <groups>
    </groups>
    <test started-at="2024-04-30T14:24:22 IST" name="C:/Shalini/SeleniumPractice/RiverIsland" finished-at="2024-04-30T14:31:53 IST" duration-ms="450317">
      <class name="com.Createaccount.Tests.LoginwithValidCredentials">
        <test-method is-config="true" signature="setUp()[pri:0, instance:com.Createaccount.Tests.LoginwithValidCredentials@4313f5bc]" started-at="2024-04-30T14:30:01 IST" name="setUp" finished-at="2024-04-30T14:30:04 IST" duration-ms="2915" status="PASS">
          <reporter-output>
          </reporter-output>
        </test-method> <!-- setUp -->
        <test-method signature="login(java.lang.String,java.lang.String)[pri:0, instance:com.Createaccount.Tests.LoginwithValidCredentials@4313f5bc]" started-at="2024-04-30T14:30:05 IST" name="login" data-provider="Email" finished-at="2024-04-30T14:31:24 IST" duration-ms="78762" status="PASS">
          <params>
            <param index="0">
              <value>
                <![CDATA[shanigarapushalini1@gmail.com]]>
              </value>
            </param>
            <param index="1">
              <value>
                <![CDATA[Shalini@123]]>
              </value>
            </param>
          </params>
          <reporter-output>
          </reporter-output>
        </test-method> <!-- login -->
        <test-method is-config="true" signature="tearDown()[pri:0, instance:com.Createaccount.Tests.LoginwithValidCredentials@4313f5bc]" started-at="2024-04-30T14:31:24 IST" name="tearDown" finished-at="2024-04-30T14:31:24 IST" duration-ms="625" status="PASS">
          <reporter-output>
          </reporter-output>
        </test-method> <!-- tearDown -->
      </class> <!-- com.Createaccount.Tests.LoginwithValidCredentials -->
      <class name="com.Createaccount.Tests.LoginInvalidPwd">
        <test-method is-config="true" signature="setUp()[pri:0, instance:com.Createaccount.Tests.LoginInvalidPwd@161479c6]" started-at="2024-04-30T14:29:00 IST" name="setUp" finished-at="2024-04-30T14:29:06 IST" duration-ms="6075" status="PASS">
          <reporter-output>
          </reporter-output>
        </test-method> <!-- setUp -->
        <test-method signature="invalidPwd()[pri:0, instance:com.Createaccount.Tests.LoginInvalidPwd@161479c6]" started-at="2024-04-30T14:29:06 IST" name="invalidPwd" finished-at="2024-04-30T14:30:00 IST" duration-ms="54006" status="PASS">
          <reporter-output>
          </reporter-output>
        </test-method> <!-- invalidPwd -->
        <test-method is-config="true" signature="tearDown()[pri:0, instance:com.Createaccount.Tests.LoginInvalidPwd@161479c6]" started-at="2024-04-30T14:30:00 IST" name="tearDown" finished-at="2024-04-30T14:30:01 IST" duration-ms="614" status="PASS">
          <reporter-output>
          </reporter-output>
        </test-method> <!-- tearDown -->
      </class> <!-- com.Createaccount.Tests.LoginInvalidPwd -->
      <class name="com.Createaccount.Tests.CreateAccountExistingMail">
        <test-method is-config="true" signature="setUp()[pri:0, instance:com.Createaccount.Tests.CreateAccountExistingMail@1ffe63b9]" started-at="2024-04-30T14:24:23 IST" name="setUp" finished-at="2024-04-30T14:24:28 IST" duration-ms="5552" status="PASS">
          <reporter-output>
          </reporter-output>
        </test-method> <!-- setUp -->
        <test-method signature="existingEmail()[pri:0, instance:com.Createaccount.Tests.CreateAccountExistingMail@1ffe63b9]" started-at="2024-04-30T14:24:28 IST" name="existingEmail" finished-at="2024-04-30T14:24:51 IST" duration-ms="22927" status="PASS">
          <reporter-output>
          </reporter-output>
        </test-method> <!-- existingEmail -->
        <test-method is-config="true" signature="tearDown()[pri:0, instance:com.Createaccount.Tests.CreateAccountExistingMail@1ffe63b9]" started-at="2024-04-30T14:24:51 IST" name="tearDown" finished-at="2024-04-30T14:24:52 IST" duration-ms="619" status="PASS">
          <reporter-output>
          </reporter-output>
        </test-method> <!-- tearDown -->
      </class> <!-- com.Createaccount.Tests.CreateAccountExistingMail -->
      <class name="com.Createaccount.Tests.CreateValidCredentials">
        <test-method is-config="true" signature="setUp()[pri:0, instance:com.Createaccount.Tests.CreateValidCredentials@6ac13091]" started-at="2024-04-30T14:25:18 IST" name="setUp" finished-at="2024-04-30T14:25:23 IST" duration-ms="4746" status="PASS">
          <reporter-output>
          </reporter-output>
        </test-method> <!-- setUp -->
        <test-method signature="CreateAccountValid()[pri:0, instance:com.Createaccount.Tests.CreateValidCredentials@6ac13091]" started-at="2024-04-30T14:25:23 IST" name="CreateAccountValid" finished-at="2024-04-30T14:26:59 IST" duration-ms="95805" status="PASS">
          <reporter-output>
          </reporter-output>
        </test-method> <!-- CreateAccountValid -->
        <test-method is-config="true" signature="tearDown()[pri:0, instance:com.Createaccount.Tests.CreateValidCredentials@6ac13091]" started-at="2024-04-30T14:26:59 IST" name="tearDown" finished-at="2024-04-30T14:27:00 IST" duration-ms="722" status="PASS">
          <reporter-output>
          </reporter-output>
        </test-method> <!-- tearDown -->
      </class> <!-- com.Createaccount.Tests.CreateValidCredentials -->
      <class name="com.Createaccount.Tests.ForgetPassword">
        <test-method is-config="true" signature="setUp()[pri:0, instance:com.Createaccount.Tests.ForgetPassword@75329a49]" started-at="2024-04-30T14:28:00 IST" name="setUp" finished-at="2024-04-30T14:28:04 IST" duration-ms="4324" status="PASS">
          <reporter-output>
          </reporter-output>
        </test-method> <!-- setUp -->
        <test-method signature="forgetpwd()[pri:0, instance:com.Createaccount.Tests.ForgetPassword@75329a49]" started-at="2024-04-30T14:28:04 IST" name="forgetpwd" finished-at="2024-04-30T14:28:59 IST" duration-ms="55395" status="PASS">
          <reporter-output>
          </reporter-output>
        </test-method> <!-- forgetpwd -->
        <test-method is-config="true" signature="tearDown()[pri:0, instance:com.Createaccount.Tests.ForgetPassword@75329a49]" started-at="2024-04-30T14:28:59 IST" name="tearDown" finished-at="2024-04-30T14:29:00 IST" duration-ms="668" status="PASS">
          <reporter-output>
          </reporter-output>
        </test-method> <!-- tearDown -->
      </class> <!-- com.Createaccount.Tests.ForgetPassword -->
      <class name="com.Createaccount.Tests.ValidEmailFormat">
        <test-method is-config="true" signature="setUp()[pri:0, instance:com.Createaccount.Tests.ValidEmailFormat@7f010382]" started-at="2024-04-30T14:31:24 IST" name="setUp" finished-at="2024-04-30T14:31:27 IST" duration-ms="2958" status="PASS">
          <reporter-output>
          </reporter-output>
        </test-method> <!-- setUp -->
        <test-method signature="checkmailFormat()[pri:0, instance:com.Createaccount.Tests.ValidEmailFormat@7f010382]" started-at="2024-04-30T14:31:27 IST" name="checkmailFormat" finished-at="2024-04-30T14:31:52 IST" duration-ms="24977" status="PASS">
          <reporter-output>
          </reporter-output>
        </test-method> <!-- checkmailFormat -->
        <test-method is-config="true" signature="tearDown()[pri:0, instance:com.Createaccount.Tests.ValidEmailFormat@7f010382]" started-at="2024-04-30T14:31:52 IST" name="tearDown" finished-at="2024-04-30T14:31:53 IST" duration-ms="496" status="PASS">
          <reporter-output>
          </reporter-output>
        </test-method> <!-- tearDown -->
      </class> <!-- com.Createaccount.Tests.ValidEmailFormat -->
      <class name="com.Createaccount.Tests.CreateAccountInvalidEmail">
        <test-method is-config="true" signature="setUp()[pri:0, instance:com.Createaccount.Tests.CreateAccountInvalidEmail@48fa0f47]" started-at="2024-04-30T14:24:52 IST" name="setUp" finished-at="2024-04-30T14:24:56 IST" duration-ms="4633" status="PASS">
          <reporter-output>
          </reporter-output>
        </test-method> <!-- setUp -->
        <test-method signature="InvalidEmail()[pri:0, instance:com.Createaccount.Tests.CreateAccountInvalidEmail@48fa0f47]" started-at="2024-04-30T14:24:56 IST" name="InvalidEmail" finished-at="2024-04-30T14:25:18 IST" duration-ms="21578" status="PASS">
          <reporter-output>
          </reporter-output>
        </test-method> <!-- InvalidEmail -->
        <test-method is-config="true" signature="tearDown()[pri:0, instance:com.Createaccount.Tests.CreateAccountInvalidEmail@48fa0f47]" started-at="2024-04-30T14:25:18 IST" name="tearDown" finished-at="2024-04-30T14:25:18 IST" duration-ms="547" status="PASS">
          <reporter-output>
          </reporter-output>
        </test-method> <!-- tearDown -->
      </class> <!-- com.Createaccount.Tests.CreateAccountInvalidEmail -->
      <class name="com.Createaccount.Tests.CreationWeakPassword">
        <test-method is-config="true" signature="setUp()[pri:0, instance:com.Createaccount.Tests.CreationWeakPassword@5e316c74]" started-at="2024-04-30T14:27:00 IST" name="setUp" finished-at="2024-04-30T14:27:04 IST" duration-ms="4788" status="PASS">
          <reporter-output>
          </reporter-output>
        </test-method> <!-- setUp -->
        <test-method signature="weakPassword()[pri:0, instance:com.Createaccount.Tests.CreationWeakPassword@5e316c74]" started-at="2024-04-30T14:27:04 IST" name="weakPassword" finished-at="2024-04-30T14:27:59 IST" duration-ms="54649" status="PASS">
          <reporter-output>
          </reporter-output>
        </test-method> <!-- weakPassword -->
        <test-method is-config="true" signature="tearDown()[pri:0, instance:com.Createaccount.Tests.CreationWeakPassword@5e316c74]" started-at="2024-04-30T14:27:59 IST" name="tearDown" finished-at="2024-04-30T14:28:00 IST" duration-ms="614" status="PASS">
          <reporter-output>
          </reporter-output>
        </test-method> <!-- tearDown -->
      </class> <!-- com.Createaccount.Tests.CreationWeakPassword -->
    </test> <!-- C:/Shalini/SeleniumPractice/RiverIsland -->
  </suite> <!-- All Test Suite -->
</testng-results>
